2025-07-10T18:48:20.892Z - info: [ui] [AppStore] loading 0 repositories from store
2025-07-10T18:48:20.944Z - info: [ui] [Welcome] no sign in step found. ignoring...
2025-07-10T18:48:21.034Z - info: [ui] [Welcome] no sign in step found. ignoring...
2025-07-10T18:48:21.113Z - info: [ui] [Welcome] no sign in step found. ignoring...
2025-07-10T18:48:21.125Z - info: [ui] [Welcome] no sign in step found. ignoring...
2025-07-10T18:48:21.133Z - info: [ui] launching: 3.4.13-linux1 (Linux 6.15.4-arch2-1)
2025-07-10T18:48:21.134Z - info: [ui] execPath: '/opt/github-desktop/github-desktop'
2025-07-10T18:48:21.195Z - info: [ui] [Welcome] no sign in step found. ignoring...
2025-07-10T18:48:21.255Z - info: [ui] Opt in reported.
2025-07-10T18:48:22.610Z - info: [ui] [Welcome] no sign in step found. ignoring...
2025-07-10T18:48:25.160Z - info: [ui] [Welcome] no sign in step found. ignoring...
2025-07-10T18:48:42.248Z - info: [ui] [Welcome] no sign in step found. ignoring...
2025-07-10T18:48:43.602Z - info: [ui] [Welcome] advancing to step: SignInToDotComWithBrowser
2025-07-10T18:48:43.602Z - info: [ui] [SignInStore] initializing OAuth flow
2025-07-10T18:48:43.608Z - info: [main] opening in browser: https://github.com/login/oauth/authorize?client_id=3a723b10ac5575cc5bb9&scope=repo%20user%20workflow&state=2eb498e9-ac35-459e-8145-aa1f91e0ed72
2025-07-10T18:48:43.609Z - info: [ui] [Welcome] current sign in state not found. ignoring...
2025-07-10T18:48:45.482Z - info: [ui] [Welcome] kind Authentication is the same as Authentication. ignoring...
2025-07-10T18:48:48.129Z - info: [main] Received possible protocol arguments: 3
2025-07-10T18:48:48.129Z - info: [main] Processing protocol url
2025-07-10T18:48:48.252Z - info: [main] Received possible protocol arguments: 2
2025-07-10T18:48:48.263Z - info: [main] Processing protocol url
2025-07-10T18:48:48.528Z - info: [ui] [Welcome] kind Authentication is the same as Authentication. ignoring...
2025-07-10T18:48:49.183Z - info: [ui] [Welcome] kind Authentication is the same as Authentication. ignoring...
2025-07-10T18:48:49.420Z - info: [ui] [SignInStore] account resolved
2025-07-10T18:48:49.420Z - info: [ui] [AppStore] adding account DoofusLoofus (DoofusLoofus) to store
2025-07-10T18:48:49.429Z - info: [ui] [Welcome] advancing to step: ConfigureGit
2025-07-10T18:48:49.534Z - info: [ui] [Welcome] no sign in step found. ignoring...
2025-07-10T18:48:49.766Z - info: [ui] [Welcome] no sign in step found. ignoring...
2025-07-10T18:49:02.609Z - info: [ui] [Welcome] no sign in step found. ignoring...
2025-07-10T18:49:02.637Z - info: [ui] [Welcome] no sign in step found. ignoring...
2025-07-10T18:49:02.833Z - info: [ui] Subscribed 'DoofusLoofus' to Alive channel
2025-07-10T18:49:02.938Z - info: [ui] [Welcome] no sign in step found. ignoring...
2025-07-10T18:50:26.974Z - info: [main] Received possible protocol arguments: 2
2025-07-10T18:50:27.004Z - info: [main] Processing protocol url
2025-07-10T18:50:27.843Z - info: [ui] [AppStore] loading 0 repositories from store
2025-07-10T18:50:27.850Z - info: [ui] [AppStore] found account: DoofusLoofus (DoofusLoofus)
2025-07-10T18:50:28.069Z - info: [ui] launching: 3.4.13-linux1 (Linux 6.15.4-arch2-1)
2025-07-10T18:50:28.130Z - info: [ui] execPath: '/opt/github-desktop/github-desktop'
2025-07-10T18:50:28.514Z - info: [ui] Subscribed 'DoofusLoofus' to Alive channel
2025-07-10T18:50:28.645Z - info: [ui] Stats reported.
