2025-07-07 20:56:37 Loading main app package /usr/lib/obsidian/obsidian.asar
2025-07-07 20:56:38 Checking for update using Github
2025-07-07 20:56:38 Success.
2025-07-07 20:56:38 Latest version is 1.8.10
2025-07-07 20:56:38 App is up to date.
2025-07-08 20:27:40 Loading main app package /usr/lib/obsidian/obsidian.asar
2025-07-08 20:27:40 Checking for update using Github
2025-07-08 20:27:40 Success.
2025-07-08 20:27:40 Latest version is 1.8.10
2025-07-08 20:27:40 App is up to date.
2025-07-09 17:18:09 Checking for update using Github
2025-07-09 17:18:09 Success.
2025-07-09 17:18:09 Latest version is 1.8.10
2025-07-09 17:18:09 App is up to date.
2025-07-10 16:41:49 Checking for update using Github
2025-07-10 16:41:50 Success.
2025-07-10 16:41:50 Latest version is 1.8.10
2025-07-10 16:41:50 App is up to date.
2025-07-10 18:52:59 Loading main app package /usr/lib/obsidian/obsidian.asar
2025-07-10 18:53:00 Checking for update using Github
2025-07-10 18:53:00 Success.
2025-07-10 18:53:00 Latest version is 1.8.10
2025-07-10 18:53:00 App is up to date.
2025-07-10 20:00:04 Loading main app package /usr/lib/obsidian/obsidian.asar
2025-07-10 20:00:04 Checking for update using Github
2025-07-10 20:01:43 Checking for update using Github
2025-07-10 20:01:43 Success.
2025-07-10 20:01:43 Latest version is 1.8.10
2025-07-10 20:01:43 App is up to date.
2025-07-10 20:06:05 Loading main app package /usr/lib/obsidian/obsidian.asar
2025-07-10 20:06:05 Checking for update using Github
2025-07-14 07:01:17 Loading main app package /usr/lib/obsidian/obsidian.asar
2025-07-14 07:01:18 Checking for update using Github
2025-07-15 05:36:17 Loading main app package /usr/lib/obsidian/obsidian.asar
2025-07-15 05:36:17 Checking for update using Github
2025-07-15 18:19:46 Checking for update using Github
2025-07-15 18:19:46 Success.
2025-07-15 18:19:46 Latest version is 1.8.10
2025-07-15 18:19:46 App is up to date.
2025-07-15 19:19:46 Checking for update using Github
2025-07-15 19:19:46 Success.
2025-07-15 19:19:46 Latest version is 1.8.10
2025-07-15 19:19:46 App is up to date.
2025-07-15 19:28:01 Loading main app package /usr/lib/obsidian/obsidian.asar
2025-07-15 19:28:02 Checking for update using Github
2025-07-15 19:28:02 Success.
2025-07-15 19:28:02 Latest version is 1.8.10
2025-07-15 19:28:02 App is up to date.
2025-07-17 15:10:10 Loading main app package /usr/lib/obsidian/obsidian.asar
2025-07-17 15:10:10 Checking for update using Github
2025-07-17 15:10:11 Success.
2025-07-17 15:10:11 Latest version is 1.8.10
2025-07-17 15:10:11 App is up to date.
2025-07-17 16:10:10 Checking for update using Github
2025-07-17 16:10:10 Success.
2025-07-17 16:10:10 Latest version is 1.8.10
2025-07-17 16:10:10 App is up to date.
2025-07-19 05:52:50 Loading main app package /usr/lib/obsidian/obsidian.asar
2025-07-19 05:52:50 Checking for update using Github
2025-07-19 05:52:51 Success.
2025-07-19 05:52:51 Latest version is 1.8.10
2025-07-19 05:52:51 App is up to date.
2025-07-20 04:15:46 Loading main app package /usr/lib/obsidian/obsidian.asar
2025-07-20 04:15:47 Checking for update using Github
2025-07-20 04:16:12 Success.
2025-07-20 04:16:12 Latest version is 1.8.10
2025-07-20 04:16:12 App is up to date.
2025-07-20 05:15:46 Checking for update using Github
2025-07-20 05:15:52 Success.
2025-07-20 05:15:52 Latest version is 1.8.10
2025-07-20 05:15:52 App is up to date.
