7/4/2025, 10:13:20 PM EST 0: 

----------------------------------------------
7/4/2025, 10:14:30 PM EST 0: 

----------------------------------------------
7/4/2025, 10:14:30 PM EST 1: Discord starting: {"releaseChannel":"stable","version":"0.0.100"}, modulepath: /home/digmz/.config/discord/0.0.100/modules
7/7/2025, 2:13:17 PM EST 0: 

----------------------------------------------
7/7/2025, 2:13:17 PM EST 1: Discord starting: {"releaseChannel":"stable","version":"0.0.100"}, modulepath: /home/digmz/.config/discord/0.0.100/modules
7/7/2025, 2:13:17 PM EST 2: ✅ webContents.created web1 ""
7/7/2025, 2:13:17 PM EST 3: ✅ window.created win1 "discord"
7/7/2025, 2:13:18 PM EST 4: ✅ webContents.did-finish-load web1
7/7/2025, 2:13:27 PM EST 5: ✅ webContents.created web2 ""
7/7/2025, 2:13:27 PM EST 6: ✅ window.created win2 "Discord"
7/7/2025, 2:13:29 PM EST 7: ✅ webContents.did-finish-load web2
7/7/2025, 2:13:32 PM EST 8: window.close win1
7/7/2025, 2:13:32 PM EST 9: webContents.destroyed web1
7/7/2025, 2:13:32 PM EST 10: window.closed win1
7/9/2025, 10:15:46 AM EST 11: window.close win2
7/10/2025, 1:39:59 PM EST 12: before-quit
7/10/2025, 1:39:59 PM EST 13: window.close win2
7/10/2025, 1:39:59 PM EST 14: ❌ child-process-gone {
  type: 'Utility',
  reason: 'killed',
  exitCode: 15,
  serviceName: 'network.mojom.NetworkService',
  name: 'Network Service'
}
7/10/2025, 1:39:59 PM EST 15: ❌ child-process-gone {
  type: 'Utility',
  reason: 'killed',
  exitCode: 15,
  serviceName: 'audio.mojom.AudioService',
  name: 'Audio Service'
}
7/10/2025, 1:40:00 PM EST 16: ❌ render-process-gone { reason: 'killed', exitCode: 15 }
7/10/2025, 2:23:09 PM EST 0: 

----------------------------------------------
7/10/2025, 2:23:09 PM EST 1: Discord starting: {"releaseChannel":"stable","version":"0.0.100"}, modulepath: /home/digmz/.config/discord/0.0.100/modules
7/10/2025, 2:23:09 PM EST 2: ✅ webContents.created web1 ""
7/10/2025, 2:23:09 PM EST 3: ✅ window.created win1 "discord"
7/10/2025, 2:23:09 PM EST 4: ✅ webContents.did-finish-load web1
7/10/2025, 2:23:15 PM EST 5: ✅ webContents.created web2 ""
7/10/2025, 2:23:15 PM EST 6: ✅ window.created win2 "Discord"
7/10/2025, 2:23:18 PM EST 7: ✅ webContents.did-finish-load web2
7/10/2025, 2:23:21 PM EST 8: window.close win1
7/10/2025, 2:23:21 PM EST 9: webContents.destroyed web1
7/10/2025, 2:23:21 PM EST 10: window.closed win1
7/15/2025, 1:16:50 PM EST 11: window.close win2
7/15/2025, 1:34:21 PM EST 0: 

----------------------------------------------
7/15/2025, 1:34:21 PM EST 1: Discord starting: {"releaseChannel":"stable","version":"0.0.100"}, modulepath: /home/digmz/.config/discord/0.0.100/modules
7/15/2025, 2:04:37 PM EST 12: window.close win2
7/15/2025, 2:04:41 PM EST 0: 

----------------------------------------------
7/15/2025, 2:30:43 PM EST 13: window.close win2
7/15/2025, 2:42:47 PM EST 0: 

----------------------------------------------
7/17/2025, 10:07:23 AM EST 14: window.close win2
7/19/2025, 7:10:12 PM EST 0: 

----------------------------------------------
7/19/2025, 7:10:12 PM EST 1: Discord starting: {"releaseChannel":"stable","version":"0.0.100"}, modulepath: /home/digmz/.config/discord/0.0.100/modules
7/19/2025, 7:10:12 PM EST 15: window.close win2
7/19/2025, 11:06:29 PM EST 16: window.close win2
7/21/2025, 9:40:44 AM EST 17: Sentry report: {"contexts":{"trace":{"trace_id":"db2e5e29731b4ece8d0513be13aadb9e","span_id":"a7908ab5eea1667f"},"app":{"app_name":"discord","app_version":"0.0.100","app_start_time":"2025-07-10T19:23:07.607Z"},"os":{"kernel_version":"6.15.4-arch2-1","name":"Arch Linux"},"browser":{"name":"Chrome"},"chrome":{"name":"Chrome","type":"runtime","version":"134.0.6998.205"},"device":{"arch":"x64","family":"Desktop","language":"en-US","screen_density":1,"screen_resolution":"1366x768","memory_size":8136970240,"free_memory":1294708736,"processor_count":4,"cpu_description":"Intel(R) Celeron(R) N4120 CPU @ 1.10GHz","processor_frequency":2487},"node":{"name":"Node","type":"runtime","version":"22.14.0"},"runtime":{"name":"Electron","version":"35.3.0"}},"environment":"stable","release":"0.0.100","user":{"ip_address":"{{auto}}","id":"479761672157003776","username":".doofusloofus","email":"diegomtz1080@gmail.com"},"tags":{"event.origin":"electron","event.environment":"javascript","event.process":"browser","event_type":"javascript","nativeBuildNumber":"null"},"event_id":"dc86e2a95e66479ebc1bf0068e196866","level":"error","message":"WebRequest failed: net::ERR_QUIC_PROTOCOL_ERROR","platform":"node","timestamp":1753108844.178,"sdk":{"integrations":["SentryMinidump","ElectronBreadcrumbs","Net","MainContext","ChildProcess","OnUncaughtException","PreloadInjection","AdditionalContext","Screenshots","RendererProfiling","InboundFilters","FunctionToString","LinkedErrors","RequestData","Console","Http","Undici","OnUnhandledRejection","ContextLines","LocalVariables","Modules"]},"breadcrumbs":[{"timestamp":1752985070.005,"category":"electron","message":"window.blur","type":"ui","data":{"id":2,"url":"https://discordapp.com/channels/@me/1395962730770333848"}},{"timestamp":1752985070.005,"category":"electron","message":"app.browser-window-blur","type":"ui"},{"timestamp":1752985078.142,"category":"electron","message":"window.focus","type":"ui","data":{"id":2,"url":"https://discordapp.com/channels/@me/1395962730770333848"}},{"timestamp":1752985078.142,"category":"electron","message":"app.browser-window-focus","type":"ui"},{"timestamp":1752985088.458,"category":"ui.click","message":"div.markup__75297.editor__1b31f.slateTextArea_ec4baf[aria-label=\"Message Fanstastic 4\"]"},{"timestamp":1752985089.688,"category":"ui.input","message":"div.markup__75297.editor__1b31f.slateTextArea_ec4baf[aria-label=\"Message Fanstastic 4\"]"},{"timestamp":1752985093.798,"category":"electron","message":"window.blur","type":"ui","data":{"id":2,"url":"https://discordapp.com/channels/@me/1395962730770333848"}},{"timestamp":1752985093.798,"category":"electron","message":"app.browser-window-blur","type":"ui"},{"timestamp":1752985201.103,"category":"console","level":"log","message":"mainScreen.UpdaterEvents: CHECK_FOR_UPDATES UPDATE_NOT_AVAILABLE"},{"timestamp":1752985201.115,"category":"console","level":"log","message":"7/19/2025, 11:20:01 PM EST [Modules] Host is up to date."},{"timestamp":1752985201.122,"category":"console","level":"log","message":"7/19/2025, 11:20:01 PM EST [Modules] Checking for module updates at https://discord.com/api/modules/stable/versions.json"},{"timestamp":1752985216.139,"category":"console","level":"log","message":"Error downloading with electron net: network timeout: https://discord.com/api/modules/stable/versions.json"},{"timestamp":1752985216.14,"category":"console","level":"log","message":"Falling back to node net library.."},{"timestamp":1752985226.157,"category":"http","data":{"url":"https://discord.com/api/modules/stable/versions.json","http.method":"GET","http.query":"host_version=0.0.100&platform=linux&_=5843284"},"type":"http"},{"timestamp":1752985226.161,"category":"console","level":"log","message":"7/19/2025, 11:20:26 PM EST [Modules] Failed fetching module versions: Error: getaddrinfo EAI_AGAIN discord.com"},{"timestamp":1752985226.162,"category":"console","level":"log","message":"legacyModuleUpdater: update-check-finished"},{"timestamp":1752985409.817,"category":"electron","message":"window.focus","type":"ui","data":{"id":2,"url":"https://discordapp.com/channels/@me/1395962730770333848"}},{"timestamp":1752985409.817,"category":"electron","message":"app.browser-window-focus","type":"ui"},{"timestamp":1752985409.824,"category":"electron","message":"window.blur","type":"ui","data":{"id":2,"url":"https://discordapp.com/channels/@me/1395962730770333848"}},{"timestamp":1752985409.825,"category":"electron","message":"app.browser-window-blur","type":"ui"},{"timestamp":1752985466.271,"category":"electron","message":"window.focus","type":"ui","data":{"id":2,"url":"https://discordapp.com/channels/@me/1395962730770333848"}},{"timestamp":1752985466.271,"category":"electron","message":"app.browser-window-focus","type":"ui"},{"timestamp":1752985466.502,"category":"electron","message":"window.blur","type":"ui","data":{"id":2,"url":"https://discordapp.com/channels/@me/1395962730770333848"}},{"timestamp":1752985466.503,"category":"electron","message":"app.browser-window-blur","type":"ui"},{"timestamp":1752985530.99,"category":"console","level":"log","message":"mainScreen.UpdaterEvents: CHECK_FOR_UPDATES UPDATE_NOT_AVAILABLE"},{"timestamp":1752985530.991,"category":"console","level":"log","message":"7/19/2025, 11:25:30 PM EST [Modules] Host is up to date."},{"timestamp":1752985530.992,"category":"console","level":"log","message":"7/19/2025, 11:25:30 PM EST [Modules] Checking for module updates at https://discord.com/api/modules/stable/versions.json"},{"timestamp":1752985541.146,"type":"http","category":"electron.net","data":{"url":"https://discord.com/api/modules/stable/versions.json?host_version=0.0.100&platform=linux&_=5843285","method":"GET","status_code":200}},{"timestamp":1752985541.148,"category":"console","level":"log","message":"7/19/2025, 11:25:41 PM EST [Modules] No module updates available."},{"timestamp":1752985541.148,"category":"console","level":"log","message":"legacyModuleUpdater: update-check-finished"},{"timestamp":1752985896.149,"category":"console","level":"log","message":"mainScreen.UpdaterEvents: CHECK_FOR_UPDATES UPDATE_NOT_AVAILABLE"},{"timestamp":1752985896.15,"category":"console","level":"log","message":"7/19/2025, 11:31:36 PM EST [Modules] Host is up to date."},{"timestamp":1752985896.151,"category":"console","level":"log","message":"7/19/2025, 11:31:36 PM EST [Modules] Checking for module updates at https://discord.com/api/modules/stable/versions.json"},{"timestamp":1752985911.166,"category":"console","level":"log","message":"Error downloading with electron net: network timeout: https://discord.com/api/modules/stable/versions.json"},{"timestamp":1752985911.166,"category":"console","level":"log","message":"Falling back to node net library.."},{"timestamp":1752985926.179,"category":"console","level":"log","message":"7/19/2025, 11:32:06 PM EST [Modules] Failed fetching module versions: Error: ETIMEDOUT"},{"timestamp":1752985926.179,"category":"console","level":"log","message":"legacyModuleUpdater: update-check-finished"},{"timestamp":1752985926.181,"category":"http","data":{"url":"https://discord.com/api/modules/stable/versions.json","http.method":"GET","http.query":"host_version=0.0.100&platform=linux&_=5843286"},"type":"http"},{"timestamp":1752986570.989,"category":"console","level":"log","message":"mainScreen.UpdaterEvents: CHECK_FOR_UPDATES UPDATE_NOT_AVAILABLE"},{"timestamp":1752986570.989,"category":"console","level":"log","message":"7/19/2025, 11:42:50 PM EST [Modules] Host is up to date."},{"timestamp":1752986570.99,"category":"console","level":"log","message":"7/19/2025, 11:42:50 PM EST [Modules] Checking for module updates at https://discord.com/api/modules/stable/versions.json"},{"timestamp":1752986576.064,"type":"http","category":"electron.net","data":{"url":"https://discord.com/api/modules/stable/versions.json?host_version=0.0.100&platform=linux&_=5843288","method":"GET","status_code":200}},{"timestamp":1752986576.066,"category":"console","level":"log","message":"7/19/2025, 11:42:56 PM EST [Modules] No module updates available."},{"timestamp":1752986576.066,"category":"console","level":"log","message":"legacyModuleUpdater: update-check-finished"},{"timestamp":1752986660.883,"category":"console","level":"log","message":"mainScreen.UpdaterEvents: CHECK_FOR_UPDATES UPDATE_NOT_AVAILABLE"},{"timestamp":1752986660.884,"category":"console","level":"log","message":"7/19/2025, 11:44:20 PM EST [Modules] Host is up to date."},{"timestamp":1752986660.885,"category":"console","level":"log","message":"7/19/2025, 11:44:20 PM EST [Modules] Checking for module updates at https://discord.com/api/modules/stable/versions.json"},{"timestamp":1752986660.895,"type":"http","category":"electron.net","data":{"url":"https://discord.com/api/modules/stable/versions.json?host_version=0.0.100&platform=linux&_=5843288","method":"GET","status_code":200}},{"timestamp":1752986660.898,"category":"console","level":"log","message":"7/19/2025, 11:44:20 PM EST [Modules] No module updates available."},{"timestamp":1752986660.899,"category":"console","level":"log","message":"legacyModuleUpdater: update-check-finished"},{"timestamp":1752986677.355,"category":"console","level":"log","message":"mainScreen.UpdaterEvents: CHECK_FOR_UPDATES UPDATE_NOT_AVAILABLE"},{"timestamp":1752986677.355,"category":"console","level":"log","message":"7/19/2025, 11:44:37 PM EST [Modules] Host is up to date."},{"timestamp":1752986677.356,"category":"console","level":"log","message":"7/19/2025, 11:44:37 PM EST [Modules] Checking for module updates at https://discord.com/api/modules/stable/versions.json"},{"timestamp":1752986677.361,"type":"http","category":"electron.net","data":{"url":"https://discord.com/api/modules/stable/versions.json?host_version=0.0.100&platform=linux&_=5843288","method":"GET","status_code":200}},{"timestamp":1752986677.362,"category":"console","level":"log","message":"7/19/2025, 11:44:37 PM EST [Modules] No module updates available."},{"timestamp":1752986677.362,"category":"console","level":"log","message":"legacyModuleUpdater: update-check-finished"},{"timestamp":1752987497.014,"category":"console","level":"log","message":"mainScreen.UpdaterEvents: CHECK_FOR_UPDATES UPDATE_NOT_AVAILABLE"},{"timestamp":1752987497.015,"category":"console","level":"log","message":"7/19/2025, 11:58:17 PM EST [Modules] Host is up to date."},{"timestamp":1752987497.015,"category":"console","level":"log","message":"7/19/2025, 11:58:17 PM EST [Modules] Checking for module updates at https://discord.com/api/modules/stable/versions.json"},{"timestamp":1752987497.221,"type":"http","category":"electron.net","data":{"url":"https://discord.com/api/modules/stable/versions.json?host_version=0.0.100&platform=linux&_=5843291","method":"GET","status_code":200}},{"timestamp":1752987497.222,"category":"console","level":"log","message":"7/19/2025, 11:58:17 PM EST [Modules] No module updates available."},{"timestamp":1752987497.222,"category":"console","level":"log","message":"legacyModuleUpdater: update-check-finished"},{"timestamp":1752987630.989,"category":"console","level":"log","message":"mainScreen.UpdaterEvents: CHECK_FOR_UPDATES UPDATE_NOT_AVAILABLE"},{"timestamp":1752987630.989,"category":"console","level":"log","message":"7/20/2025, 12:00:30 AM EST [Modules] Host is up to date."},{"timestamp":1752987630.99,"category":"console","level":"log","message":"7/20/2025, 12:00:30 AM EST [Modules] Checking for module updates at https://discord.com/api/modules/stable/versions.json"},{"timestamp":1752987641.055,"type":"http","category":"electron.net","data":{"url":"https://discord.com/api/modules/stable/versions.json?host_version=0.0.100&platform=linux&_=5843292","method":"GET","status_code":200}},{"timestamp":1752987641.057,"category":"console","level":"log","message":"7/20/2025, 12:00:41 AM EST [Modules] No module updates available."},{"timestamp":1752987641.057,"category":"console","level":"log","message":"legacyModuleUpdater: update-check-finished"},{"timestamp":1752987997.648,"category":"console","level":"log","message":"mainScreen.UpdaterEvents: CHECK_FOR_UPDATES UPDATE_NOT_AVAILABLE"},{"timestamp":1752987997.65,"category":"console","level":"log","message":"7/20/2025, 12:06:37 AM EST [Modules] Host is up to date."},{"timestamp":1752987997.651,"category":"console","level":"log","message":"7/20/2025, 12:06:37 AM EST [Modules] Checking for module updates at https://discord.com/api/modules/stable/versions.json"},{"timestamp":1752987998.095,"type":"http","category":"electron.net","data":{"url":"https://discord.com/api/modules/stable/versions.json?host_version=0.0.100&platform=linux&_=5843293","method":"GET","status_code":200}},{"timestamp":1752987998.102,"category":"console","level":"log","message":"7/20/2025, 12:06:38 AM EST [Modules] No module updates available."},{"timestamp":1752987998.103,"category":"console","level":"log","message":"legacyModuleUpdater: update-check-finished"},{"timestamp":1752988801.091,"category":"console","level":"log","message":"mainScreen.UpdaterEvents: CHECK_FOR_UPDATES UPDATE_NOT_AVAILABLE"},{"timestamp":1752988801.091,"category":"console","level":"log","message":"7/20/2025, 12:20:01 AM EST [Modules] Host is up to date."},{"timestamp":1752988801.092,"category":"console","level":"log","message":"7/20/2025, 12:20:01 AM EST [Modules] Checking for module updates at https://discord.com/api/modules/stable/versions.json"},{"timestamp":1752988806.173,"type":"http","category":"electron.net","data":{"url":"https://discord.com/api/modules/stable/versions.json?host_version=0.0.100&platform=linux&_=5843296","method":"GET","status_code":200}},{"timestamp":1752988806.174,"category":"console","level":"log","message":"7/20/2025, 12:20:06 AM EST [Modules] No module updates available."},{"timestamp":1752988806.174,"category":"console","level":"log","message":"legacyModuleUpdater: update-check-finished"},{"timestamp":1752989091.672,"category":"electron","message":"powerMonitor.suspend","type":"ui"},{"timestamp":1752989091.672,"category":"electron","message":"powerMonitor.suspend","type":"ui"},{"timestamp":1753108781.038,"category":"electron","message":"powerMonitor.resume","type":"ui"},{"timestamp":1753108781.094,"category":"electron","message":"powerMonitor.resume","type":"ui"},{"timestamp":1753108809.613,"category":"electron","message":"powerMonitor.suspend","type":"ui"},{"timestamp":1753108809.615,"category":"electron","message":"powerMonitor.suspend","type":"ui"},{"timestamp":1753108814.716,"category":"electron","message":"powerMonitor.resume","type":"ui"},{"timestamp":1753108814.719,"category":"electron","message":"powerMonitor.resume","type":"ui"},{"timestamp":1753108820.889,"category":"console","level":"log","message":"mainScreen.UpdaterEvents: CHECK_FOR_UPDATES UPDATE_NOT_AVAILABLE"},{"timestamp":1753108820.89,"category":"console","level":"log","message":"7/21/2025, 9:40:20 AM EST [Modules] Host is up to date."},{"timestamp":1753108820.891,"category":"console","level":"log","message":"7/21/2025, 9:40:20 AM EST [Modules] Checking for module updates at https://discord.com/api/modules/stable/versions.json"},{"timestamp":1753108820.897,"type":"http","category":"electron.net","data":{"url":"https://discord.com/api/modules/stable/versions.json?host_version=0.0.100&platform=linux&_=5843696","method":"GET"}},{"timestamp":1753108820.897,"category":"console","level":"log","message":"Error downloading with electron net: net::ERR_NAME_NOT_RESOLVED"},{"timestamp":1753108820.897,"category":"console","level":"log","message":"Falling back to node net library.."},{"timestamp":1753108820.901,"category":"http","data":{"url":"https://discord.com/api/modules/stable/versions.json","http.method":"GET","http.query":"host_version=0.0.100&platform=linux&_=5843696"},"type":"http"},{"timestamp":1753108820.902,"category":"console","level":"log","message":"7/21/2025, 9:40:20 AM EST [Modules] Failed fetching module versions: Error: getaddrinfo EAI_AGAIN discord.com"},{"timestamp":1753108820.902,"category":"console","level":"log","message":"legacyModuleUpdater: update-check-finished"},{"timestamp":1753108843.53,"category":"electron","message":"powerMonitor.suspend","type":"ui"},{"timestamp":1753108843.533,"category":"electron","message":"powerMonitor.suspend","type":"ui"},{"timestamp":1753108844.175,"category":"console","level":"error","message":"WebRequest failed (net::ERR_QUIC_PROTOCOL_ERROR): 'GET https://api.spotify.com/v1/me/player?additional_types=track%2Cepisode'"}],"sdkProcessingMetadata":{"dynamicSamplingContext":{"environment":"stable","release":"0.0.100","public_key":"d2558f321dfc7ab68366d8258fd256c7","trace_id":"db2e5e29731b4ece8d0513be13aadb9e"}},"modules":{"mkdirp":"1.0.4","yauzl":"2.10.0","fd-slicer":"1.1.0","pend":"1.2.0","buffer-crc32":"0.2.13","rimraf":"2.7.1","glob":"7.2.3","fs.realpath":"1.0.0","minimatch":"3.1.2","brace-expansion":"1.1.11","concat-map":"0.0.1","balanced-match":"1.0.2","inherits":"2.0.4","path-is-absolute":"1.0.1","inflight":"1.0.6","wrappy":"1.0.2","once":"1.4.0","request":"2.88.0","extend":"3.0.2","tough-cookie":"2.4.3","psl":"1.15.0","json-stringify-safe":"5.0.1","safe-buffer":"5.2.1","aws-sign2":"0.7.0","aws4":"1.13.2","http-signature":"1.2.0","assert-plus":"1.0.0","sshpk":"1.18.0","safer-buffer":"2.1.2","asn1":"0.2.6","ecc-jsbn":"0.1.2","jsbn":"0.1.1","tweetnacl":"0.14.5","jsprim":"1.4.2","extsprintf":"1.3.0","verror":"1.10.0","core-util-is":"1.0.2","json-schema":"0.4.0","mime-types":"2.1.35","mime-db":"1.52.0","caseless":"0.12.0","forever-agent":"0.6.1","form-data":"2.3.3","combined-stream":"1.0.8","delayed-stream":"1.0.0","asynckit":"0.4.0","isstream":"0.1.2","is-typedarray":"1.0.0","qs":"6.5.3","har-validator":"5.1.5","ajv":"6.12.6","uri-js":"4.4.1","fast-deep-equal":"3.1.3","json-schema-traverse":"0.4.1","fast-json-stable-stringify":"2.1.0","har-schema":"2.0.0","uuid":"3.4.0","oauth-sign":"0.9.0","tunnel-agent":"0.6.0","performance-now":"2.1.0","arch":"2.2.0","tslib":"2.8.1","localforage":"1.10.0","deepmerge":"4.3.0","electron-log":"5.2.0"},"extra":{"release_channel":"stable","sentry":{"environment":"stable","release":"0.0.100","user":{"id":"479761672157003776","username":".doofusloofus","email":"diegomtz1080@gmail.com"}},"wm":"Hyprland,unknown","nativeBuildNumber":"null","user_id":"479761672157003776","username":".doofusloofus","email":"diegomtz1080@gmail.com"}}
7/21/2025, 10:03:24 AM EST 18: window.close win2
7/21/2025, 4:23:00 PM EST 19: before-quit
7/21/2025, 4:23:00 PM EST 20: window.close win2
7/21/2025, 4:23:00 PM EST 21: ❌ child-process-gone {
  type: 'Utility',
  reason: 'killed',
  exitCode: 15,
  serviceName: 'audio.mojom.AudioService',
  name: 'Audio Service'
}
7/21/2025, 4:23:01 PM EST 22: ❌ child-process-gone {
  type: 'Utility',
  reason: 'killed',
  exitCode: 15,
  serviceName: 'network.mojom.NetworkService',
  name: 'Network Service'
}
7/23/2025, 12:21:23 AM EST 0: 

----------------------------------------------
7/23/2025, 12:21:23 AM EST 1: Discord starting: {"releaseChannel":"stable","version":"0.0.100"}, modulepath: /home/digmz/.config/discord/0.0.100/modules
7/23/2025, 12:21:23 AM EST 2: ✅ webContents.created web1 ""
7/23/2025, 12:21:23 AM EST 3: ✅ window.created win1 "discord"
7/23/2025, 12:21:24 AM EST 4: ✅ webContents.did-finish-load web1
7/23/2025, 12:21:24 AM EST 5: ✅ webContents.created web2 ""
7/23/2025, 12:21:24 AM EST 6: ✅ window.created win2 "Discord"
7/23/2025, 12:21:27 AM EST 7: ✅ webContents.did-finish-load web2
7/23/2025, 12:21:29 AM EST 8: window.close win1
7/23/2025, 12:21:29 AM EST 9: webContents.destroyed web1
7/23/2025, 12:21:29 AM EST 10: window.closed win1
